Fri Aug 27 15:35:20 2021


FIT:    data read from 'phi_taua_f0.0' u 1:(log($3))
        format = x:z
        #datapoints = 9
        residuals are weighted equally (unit weight)

function used for fitting: f(x)
fitted parameters initialized with current variable values



 Iteration 0
 WSSR        : 1.2686            delta(WSSR)/WSSR   : 0
 delta(WSSR) : 0                 limit for stopping : 1e-05
 lambda	  : 20.9315

initial set of free parameter values

C               = 0.93
B               = 1
A               = -3.5

After 6 iterations the fit converged.
final sum of squares of residuals : 0.0192054
rel. change during last iteration : -5.44378e-07

degrees of freedom    (FIT_NDF)                        : 6
rms of residuals      (FIT_STDFIT) = sqrt(WSSR/ndf)    : 0.0565765
variance of residuals (reduced chisquare) = WSSR/ndf   : 0.00320089

Final set of parameters            Asymptotic Standard Error
=======================            ==========================

C               = 0.930062         +/- 0.009071     (0.9753%)
B               = 1.08189          +/- 0.105        (9.705%)
A               = -3.59261         +/- 0.265        (7.376%)


correlation matrix of the fit parameters:

               C      B      A      
C               1.000 
B               0.993  1.000 
A              -0.965 -0.988  1.000 
